<?xml version="1.0" encoding="UTF-8"?>
<testng-results ignored="0" total="1" passed="1" failed="0" skipped="0">
  <reporter-output>
  </reporter-output>
  <suite started-at="2018-12-29T15:50:46Z" name="Suite" finished-at="2018-12-29T15:50:51Z" duration-ms="5281">
    <groups>
    </groups>
    <test started-at="2018-12-29T15:50:46Z" name="Test" finished-at="2018-12-29T15:50:51Z" duration-ms="5281">
      <class name="Com.MavenTestNG.BaseClass">
        <test-method signature="setup()[pri:0, instance:Com.MavenTestNG.BaseClass@209da20d]" started-at="2018-12-29T15:50:46Z" name="setup" finished-at="2018-12-29T15:50:51Z" duration-ms="5240" status="PASS">
          <reporter-output>
          </reporter-output>
        </test-method> <!-- setup -->
      </class> <!-- Com.MavenTestNG.BaseClass -->
    </test> <!-- Test -->
  </suite> <!-- Suite -->
</testng-results>
